Arguments: 
  C:\Program Files\nodejs\node.exe C:\Users\fraza\AppData\Roaming\npm\node_modules\yarn\bin\yarn.js install

PATH: 
  C:\ProgramData\Oracle\Java\javapath;C:\Program Files (x86)\Intel\Intel(R) Management Engine Components\iCLS\;C:\Program Files\Intel\Intel(R) Management Engine Components\iCLS\;C:\WINDOWS\system32;C:\WINDOWS;C:\WINDOWS\System32\Wbem;C:\WINDOWS\System32\WindowsPowerShell\v1.0\;C:\Program Files (x86)\Intel\Intel(R) Management Engine Components\DAL;C:\Program Files\Intel\Intel(R) Management Engine Components\DAL;C:\Program Files (x86)\Intel\Intel(R) Management Engine Components\IPT;C:\Program Files\Intel\Intel(R) Management Engine Components\IPT;C:\Program Files\Intel\WiFi\bin\;C:\Program Files\Common Files\Intel\WirelessCommon\;C:\WINDOWS\System32\OpenSSH\;C:\Program Files\nodejs\;C:\Program Files\Git\cmd;C:\Program Files\Polyspace\R2020a\runtime\win64;C:\Program Files\Polyspace\R2020a\bin;D:\MATLAB\R2018a\runtime\win64;D:\MATLAB\R2018a\bin;C:\Program Files\Polyspace\R2020a\polyspace\bin;C:\Program Files\MongoDB\Server\4.2\bin;C:\Users\fraza\AppData\Local\Microsoft\WindowsApps;C:\Users\fraza\AppData\Local\Programs\Microsoft VS Code\bin;C:\Users\fraza\AppData\Roaming\npm;C:\Users\fraza\AppData\Local\GitHubDesktop\bin;

Yarn version: 
  1.22.10

Node version: 
  12.19.0

Platform: 
  win32 x64

Trace: 
  Error: https://registry.yarnpkg.com/@material-ui/icons/-/icons-4.11.2.tgz: ESOCKETTIMEDOUT
      at ClientRequest.<anonymous> (C:\Users\fraza\AppData\Roaming\npm\node_modules\yarn\lib\cli.js:141289:19)
      at Object.onceWrapper (events.js:420:28)
      at ClientRequest.emit (events.js:314:20)
      at TLSSocket.emitRequestTimeout (_http_client.js:716:9)
      at Object.onceWrapper (events.js:420:28)
      at TLSSocket.emit (events.js:326:22)
      at TLSSocket.Socket._onTimeout (net.js:484:8)
      at listOnTimeout (internal/timers.js:554:17)
      at processTimers (internal/timers.js:497:7)

npm manifest: 
  {
    "name": "saphona",
    "version": "1.0.0",
    "description": "Ecommerce app",
    "private": true,
    "dependencies": {
      "@material-ui/core": "^4.9.4",
      "@material-ui/icons": "^4.9.1",
      "antd": "^3.26.12",
      "axios": "^0.19.2",
      "bootstrap": "^4.4.1",
      "react": "^16.12.0",
      "react-bootstrap": "^1.0.0-beta.16",
      "react-dom": "^16.12.0",
      "react-icons": "^3.9.0",
      "react-image-gallery": "^0.9.1",
      "react-moment": "^0.9.7",
      "react-redux": "^7.2.0",
      "react-router-dom": "^5.1.2",
      "react-scripts": "3.1.1",
      "react-slick": "^0.25.2",
      "react-tag-input": "^6.4.2",
      "react-tagsinput": "^3.19.0",
      "reactstrap": "^8.4.1",
      "redux": "^4.0.5",
      "redux-persist": "^6.0.0",
      "slick-carousel": "^1.8.1"
    },
    "scripts": {
      "start": "react-scripts start",
      "build": "react-scripts build",
      "test": "react-scripts test",
      "eject": "react-scripts eject"
    },
    "eslintConfig": {
      "extends": "react-app"
    },
    "browserslist": {
      "production": [
        ">0.2%",
        "not dead",
        "not op_mini all"
      ],
      "development": [
        "last 1 chrome version",
        "last 1 firefox version",
        "last 1 safari version"
      ]
    }
  }

yarn manifest: 
  No manifest

Lockfile: 
  No lockfile
